<?xml version="1.0" encoding="UTF-8"?>
<!-- Generated by org.testng.reporters.JUnitXMLReporter -->
<testsuite ignored="0" hostname="subi" failures="0" tests="4" name="GRP-User- registration" time="0.056" errors="0" timestamp="2023-03-18T18:28:40 IST">
  <testcase classname="UI_WEB.GroupDemo" name="atest2" time="0.008"/>
  <testcase classname="UI_WEB.GroupDemo" name="atest3" time="0.0"/>
  <testcase classname="UI_WEB.GroupDemo" name="atest4" time="0.001"/>
  <testcase classname="UI_WEB.GroupDemo" name="atest1" time="0.001"/>
</testsuite> <!-- GRP-User- registration -->
