<?xml version="1.0" encoding="UTF-8"?>
<!-- Generated by org.testng.reporters.JUnitXMLReporter -->
<testsuite ignored="2" hostname="subi" failures="0" tests="2" name="GRP-bvt" time="0.044" errors="0" timestamp="2023-03-18T18:23:02 IST">
  <testcase classname="UI_WEB.GroupDemo" name="atest3" time="0.011"/>
  <testcase classname="UI_WEB.GroupDemo" name="atest4" time="0.001"/>
  <testcase classname="UI_WEB.GroupDemo" name="atest2" time="0.0">
    <ignored/>
  </testcase> <!-- atest2 -->
  <testcase classname="UI_WEB.GroupDemo" name="atest1" time="0.0">
    <ignored/>
  </testcase> <!-- atest1 -->
</testsuite> <!-- GRP-bvt -->
