<?xml version="1.0" encoding="UTF-8"?>
<!-- Generated by org.testng.reporters.JUnitXMLReporter -->
<testsuite ignored="2" hostname="subi" failures="0" tests="6" name="GRP-Regression" time="0.06" errors="0" timestamp="2023-03-19T19:00:31 IST">
  <testcase classname="UI_WEB.BA_ClassandBA_Group" name="atest1" time="0.003"/>
  <testcase classname="UI_WEB.BA_ClassandBA_Group" name="atest2" time="0.001"/>
  <testcase classname="UI_WEB.BA_ClassandBA_Group" name="atest3" time="0.0"/>
  <testcase classname="UI_WEB.GroupDemo" name="atest2" time="0.002"/>
  <testcase classname="UI_WEB.GroupDemo" name="atest3" time="0.002"/>
  <testcase classname="UI_WEB.GroupDemo" name="atest1" time="0.0"/>
  <testcase classname="UI_WEB.BA_ClassandBA_Group" name="atest4" time="0.0">
    <ignored/>
  </testcase> <!-- atest4 -->
  <testcase classname="UI_WEB.GroupDemo" name="atest4" time="0.0">
    <ignored/>
  </testcase> <!-- atest4 -->
</testsuite> <!-- GRP-Regression -->
