<?xml version="1.0" encoding="UTF-8"?>
<!-- Generated by org.testng.reporters.JUnitXMLReporter -->
<testsuite ignored="0" hostname="subi" failures="0" tests="4" name="Default test" time="0.047" errors="0" timestamp="2023-03-24T19:00:20 IST">
  <testcase classname="UI_WEB.ReportGeneration" name="reporterTest1" time="0.013"/>
  <testcase classname="UI_WEB.ReportGeneration" name="reporterTest2" time="0.001"/>
  <testcase classname="UI_WEB.ReportGeneration" name="reporterTest3" time="0.0"/>
  <testcase classname="UI_WEB.ReportGeneration" name="reporterTest4" time="0.002"/>
</testsuite> <!-- Default test -->
