<?xml version="1.0" encoding="UTF-8"?>
<!-- Generated by org.testng.reporters.JUnitXMLReporter -->
<testsuite ignored="3" hostname="subi" failures="0" tests="3" name="Regression" time="0.006" errors="0" timestamp="2023-03-19T10:49:07 IST">
  <testcase classname="UI_WEB.GroupDemo" name="atest2" time="0.001"/>
  <testcase classname="UI_WEB.GroupDemo" name="atest3" time="0.0"/>
  <testcase classname="UI_WEB.GroupDemo" name="atest1" time="0.0"/>
  <testcase classname="UI_WEB.LoginTest1" name="Logouttest" time="0.0">
    <ignored/>
  </testcase> <!-- Logouttest -->
  <testcase classname="UI_WEB.GroupDemo" name="atest4" time="0.0">
    <ignored/>
  </testcase> <!-- atest4 -->
  <testcase classname="UI_WEB.LoginTest1" name="Logintest" time="0.0">
    <ignored/>
  </testcase> <!-- Logintest -->
</testsuite> <!-- Regression -->
