<?xml version="1.0" encoding="UTF-8"?>
<testng-results ignored="0" total="4" passed="4" failed="0" skipped="0">
  <reporter-output>
    <line>
      <![CDATA[This is TEST2]]>
    </line>
  </reporter-output>
  <suite started-at="2023-03-24T19:00:20 IST" name="Default suite" finished-at="2023-03-24T19:00:20 IST" duration-ms="47">
    <groups>
    </groups>
    <test started-at="2023-03-24T19:00:20 IST" name="Default test" finished-at="2023-03-24T19:00:20 IST" duration-ms="47">
      <class name="UI_WEB.ReportGeneration">
        <test-method signature="reporterTest1()[pri:0, instance:UI_WEB.ReportGeneration@3232a28a]" started-at="2023-03-24T19:00:20 IST" name="reporterTest1" finished-at="2023-03-24T19:00:20 IST" duration-ms="13" status="PASS">
          <reporter-output>
          </reporter-output>
        </test-method> <!-- reporterTest1 -->
        <test-method signature="reporterTest2()[pri:0, instance:UI_WEB.ReportGeneration@3232a28a]" started-at="2023-03-24T19:00:20 IST" name="reporterTest2" finished-at="2023-03-24T19:00:20 IST" duration-ms="1" status="PASS">
          <reporter-output>
            <line>
              <![CDATA[This is TEST2]]>
            </line>
          </reporter-output>
        </test-method> <!-- reporterTest2 -->
        <test-method signature="reporterTest3()[pri:0, instance:UI_WEB.ReportGeneration@3232a28a]" started-at="2023-03-24T19:00:20 IST" name="reporterTest3" finished-at="2023-03-24T19:00:20 IST" duration-ms="0" status="PASS">
          <reporter-output>
          </reporter-output>
        </test-method> <!-- reporterTest3 -->
        <test-method signature="reporterTest4()[pri:0, instance:UI_WEB.ReportGeneration@3232a28a]" started-at="2023-03-24T19:00:20 IST" name="reporterTest4" finished-at="2023-03-24T19:00:20 IST" duration-ms="2" status="PASS">
          <reporter-output>
          </reporter-output>
        </test-method> <!-- reporterTest4 -->
      </class> <!-- UI_WEB.ReportGeneration -->
    </test> <!-- Default test -->
  </suite> <!-- Default suite -->
</testng-results>
